<?xml version="1.0" encoding="UTF-8"?>
<!-- Generated by org.testng.reporters.JUnitReportReporter -->
<testsuite hostname="Usman" failures="0" tests="1" name="Assignment.AppTest" time="0.024" errors="0" timestamp="21 May 2022 00:52:07 GMT">
  <testcase classname="Assignment.AppTest" name="shouldAnswerWithTrue" time="0.024"/>
</testsuite> <!-- Assignment.AppTest -->
